<?xml version="1.0" encoding="UTF-8"?>
<!-- Generated by org.testng.reporters.JUnitReportReporter -->
<testsuite hostname="PS-SIBISI" failures="0" tests="3" name="testcases.TCAutomationLoginTests" time="30.560" errors="0" timestamp="2024-01-16T20:52:17 SAST" skipped="0">
  <testcase classname="testcases.TCAutomationLoginTests" name="verifyEmailFieldFormat" time="9.326"/>
  <testcase classname="testcases.TCAutomationLoginTests" name="verifyEmailFieldFormat" time="10.943"/>
  <testcase classname="testcases.TCAutomationLoginTests" name="verifyEmailFieldFormat" time="10.291"/>
</testsuite> <!-- testcases.TCAutomationLoginTests -->
