<?xml version="1.0" encoding="UTF-8"?>
<!-- Generated by org.testng.reporters.JUnitReportReporter -->
<testsuite hostname="PS-SIBISI" failures="0" tests="8" name="testcases.SortTest" time="65.165" errors="0" timestamp="2024-01-21T21:12:48 SAST" skipped="0">
  <testcase classname="testcases.SortTest" name="verifySorting" time="8.436"/>
  <testcase classname="testcases.SortTest" name="verifySorting" time="10.798"/>
  <testcase classname="testcases.SortTest" name="verifySorting" time="4.372"/>
  <testcase classname="testcases.SortTest" name="verifySorting" time="9.354"/>
  <testcase classname="testcases.SortTest" name="verifySorting" time="9.931"/>
  <testcase classname="testcases.SortTest" name="verifySorting" time="8.072"/>
  <testcase classname="testcases.SortTest" name="verifySorting" time="5.093"/>
  <testcase classname="testcases.SortTest" name="verifySorting" time="9.109"/>
</testsuite> <!-- testcases.SortTest -->
