<?xml version="1.0" encoding="UTF-8"?>
<!-- Generated by org.testng.reporters.JUnitReportReporter -->
<testsuite hostname="PS-SIBISI" failures="0" tests="4" name="testcases.SaucedemoSortTesting" time="33.853" errors="0" timestamp="2024-01-17T17:28:52 SAST" skipped="0">
  <testcase classname="testcases.SaucedemoSortTesting" name="verifySorting" time="7.643"/>
  <testcase classname="testcases.SaucedemoSortTesting" name="verifySorting" time="8.333"/>
  <testcase classname="testcases.SaucedemoSortTesting" name="verifySorting" time="10.156"/>
  <testcase classname="testcases.SaucedemoSortTesting" name="verifySorting" time="7.721"/>
</testsuite> <!-- testcases.SaucedemoSortTesting -->
