<?xml version="1.0" encoding="UTF-8"?>
<!-- Generated by org.testng.reporters.JUnitReportReporter -->
<testsuite hostname="PS-SIBISI" failures="0" tests="9" name="testcases.TCAutomationLoginTests" time="70.157" errors="0" timestamp="2024-01-17T08:19:54 SAST" skipped="0">
  <testcase classname="testcases.TCAutomationLoginTests" name="verifyLandingPages" time="7.199"/>
  <testcase classname="testcases.TCAutomationLoginTests" name="verifyTestUsernamePassword" time="6.379"/>
  <testcase classname="testcases.TCAutomationLoginTests" name="verifyEmailFieldFormat" time="7.102"/>
  <testcase classname="testcases.TCAutomationLoginTests" name="verifyEmailFieldFormat" time="7.020"/>
  <testcase classname="testcases.TCAutomationLoginTests" name="verifyLandingPages" time="8.553"/>
  <testcase classname="testcases.TCAutomationLoginTests" name="verifyLandingPages" time="7.099"/>
  <testcase classname="testcases.TCAutomationLoginTests" name="verifyLandingPages" time="7.246"/>
  <testcase classname="testcases.TCAutomationLoginTests" name="verifyEmailFieldFormat" time="6.870"/>
  <testcase classname="testcases.TCAutomationLoginTests" name="verifyLandingPages" time="12.689"/>
</testsuite> <!-- testcases.TCAutomationLoginTests -->
