<?xml version="1.0" encoding="UTF-8"?>
<!-- Generated by org.testng.reporters.JUnitReportReporter -->
<testsuite hostname="PS-SIBISI" failures="0" tests="2" name="testcases.Checkout" time="13.742" errors="0" timestamp="2024-01-21T11:18:58 SAST" skipped="0">
  <testcase classname="testcases.Checkout" name="verifyCheckout" time="9.072"/>
  <testcase classname="testcases.Checkout" name="verifyCheckout" time="4.670"/>
</testsuite> <!-- testcases.Checkout -->
