<?xml version="1.0" encoding="UTF-8"?>
<!-- Generated by org.testng.reporters.JUnitReportReporter -->
<testsuite hostname="PS-SIBISI" failures="0" tests="1" name="testcases.AddToCart" time="12.220" errors="0" timestamp="2024-01-18T04:02:32 SAST" skipped="0">
  <testcase classname="testcases.AddToCart" name="verifyRemovingMultipleItemsFromCart" time="12.220"/>
</testsuite> <!-- testcases.AddToCart -->
