<?xml version="1.0" encoding="UTF-8"?>
<!-- Generated by org.testng.reporters.JUnitReportReporter -->
<testsuite hostname="PS-SIBISI" failures="0" tests="10" name="testcases.LoginTests" time="97.698" errors="0" timestamp="2024-01-21T21:12:48 SAST" skipped="0">
  <testcase classname="testcases.LoginTests" name="verifyLoginInvalidCredentials" time="11.116"/>
  <testcase classname="testcases.LoginTests" name="verifyLoginInvalidCredentials" time="3.006"/>
  <testcase classname="testcases.LoginTests" name="verifyLoginInvalidCredentials" time="13.273"/>
  <testcase classname="testcases.LoginTests" name="verifyLoginInvalidCredentials" time="5.739"/>
  <testcase classname="testcases.LoginTests" name="verifyLoginInvalidCredentials" time="8.823"/>
  <testcase classname="testcases.LoginTests" name="verifyLoginInvalidCredentials" time="3.240"/>
  <testcase classname="testcases.LoginTests" name="verfiyLoginValidCredentials" time="3.050"/>
  <testcase classname="testcases.LoginTests" name="verfiyLoginValidCredentials" time="17.363"/>
  <testcase classname="testcases.LoginTests" name="verifyLandingPagesInvalidUser" time="28.978"/>
  <testcase classname="testcases.LoginTests" name="verifyLandingPagesInvalidUser" time="3.110"/>
</testsuite> <!-- testcases.LoginTests -->
