<?xml version="1.0" encoding="UTF-8"?>
<!-- Generated by org.testng.reporters.JUnitReportReporter -->
<testsuite hostname="PS-SIBISI" failures="0" tests="10" name="testcases.LoginTests" time="84.188" errors="0" timestamp="2024-01-18T07:26:01 SAST" skipped="0">
  <testcase classname="testcases.LoginTests" name="verifyEmailFieldFormat" time="10.117"/>
  <testcase classname="testcases.LoginTests" name="verifyEmailFieldFormat" time="8.268"/>
  <testcase classname="testcases.LoginTests" name="verifyLandingPages" time="7.126"/>
  <testcase classname="testcases.LoginTests" name="verifyLandingPages" time="12.349"/>
  <testcase classname="testcases.LoginTests" name="verifyLandingPages" time="8.711"/>
  <testcase classname="testcases.LoginTests" name="verifyTestUsernamePasswordVisibility" time="6.781"/>
  <testcase classname="testcases.LoginTests" name="verifyLandingPagesInvalidUser" time="7.429"/>
  <testcase classname="testcases.LoginTests" name="verifyEmailFieldFormat" time="8.598"/>
  <testcase classname="testcases.LoginTests" name="verifyLandingPages" time="7.534"/>
  <testcase classname="testcases.LoginTests" name="verifyLandingPages" time="7.275"/>
</testsuite> <!-- testcases.LoginTests -->
