<?xml version="1.0" encoding="UTF-8"?>
<!-- Generated by org.testng.reporters.JUnitReportReporter -->
<testsuite hostname="PS-SIBISI" failures="0" tests="2" name="testcases.Checkout" time="22.597" errors="0" timestamp="2024-01-21T21:12:48 SAST" skipped="0">
  <testcase classname="testcases.Checkout" name="verifyCheckout" time="17.874"/>
  <testcase classname="testcases.Checkout" name="verifyCheckout" time="4.723"/>
</testsuite> <!-- testcases.Checkout -->
