<?xml version="1.0" encoding="UTF-8"?>
<!-- Generated by org.testng.reporters.JUnitReportReporter -->
<testsuite hostname="PS-SIBISI" failures="0" tests="6" name="testcases.AddToCart" time="51.203" errors="0" timestamp="2024-01-18T07:26:01 SAST" skipped="0">
  <testcase classname="testcases.AddToCart" name="verifyRemovingSingleItemsFromCart" time="8.617"/>
  <testcase classname="testcases.AddToCart" name="verifyAddSingleItem" time="7.479"/>
  <testcase classname="testcases.AddToCart" name="verifyAddingMultipleItems" time="8.770"/>
  <testcase classname="testcases.AddToCart" name="verifyRemovingMultipleItemsFromCart" time="9.491"/>
  <testcase classname="testcases.AddToCart" name="verifyRemoveSingleItemProductPage" time="8.034"/>
  <testcase classname="testcases.AddToCart" name="verifyRemovingMultipleItemsProductPage" time="8.812"/>
</testsuite> <!-- testcases.AddToCart -->
