<?xml version="1.0" encoding="UTF-8"?>
<!-- Generated by org.testng.reporters.JUnitReportReporter -->
<testsuite hostname="PS-SIBISI" failures="0" tests="10" name="testcases.SauceDemoLoginTests" time="88.143" errors="0" timestamp="2024-01-18T04:10:39 SAST" skipped="0">
  <testcase classname="testcases.SauceDemoLoginTests" name="verifyTestUsernamePasswordVisibility" time="8.277"/>
  <testcase classname="testcases.SauceDemoLoginTests" name="verifyLandingPages" time="9.152"/>
  <testcase classname="testcases.SauceDemoLoginTests" name="verifyLandingPages" time="7.104"/>
  <testcase classname="testcases.SauceDemoLoginTests" name="verifyLandingPages" time="7.811"/>
  <testcase classname="testcases.SauceDemoLoginTests" name="verifyLandingPages" time="8.822"/>
  <testcase classname="testcases.SauceDemoLoginTests" name="verifyLandingPagesInvalidUser" time="7.073"/>
  <testcase classname="testcases.SauceDemoLoginTests" name="verifyLandingPages" time="13.703"/>
  <testcase classname="testcases.SauceDemoLoginTests" name="verifyEmailFieldFormat" time="8.716"/>
  <testcase classname="testcases.SauceDemoLoginTests" name="verifyEmailFieldFormat" time="8.515"/>
  <testcase classname="testcases.SauceDemoLoginTests" name="verifyEmailFieldFormat" time="8.970"/>
</testsuite> <!-- testcases.SauceDemoLoginTests -->
