<?xml version="1.0" encoding="UTF-8"?>
<!-- Generated by org.testng.reporters.JUnitReportReporter -->
<testsuite hostname="PS-SIBISI" failures="0" tests="12" name="testcases.AddToCart" time="99.618" errors="0" timestamp="2024-01-21T21:12:48 SAST" skipped="0">
  <testcase classname="testcases.AddToCart" name="verifyAddSingleItem" time="4.561"/>
  <testcase classname="testcases.AddToCart" name="verifyAddSingleItem" time="10.061"/>
  <testcase classname="testcases.AddToCart" name="verifyRemoveSingleItemProductPage" time="14.847"/>
  <testcase classname="testcases.AddToCart" name="verifyRemoveSingleItemProductPage" time="3.319"/>
  <testcase classname="testcases.AddToCart" name="verifyAddingMultipleItems" time="9.486"/>
  <testcase classname="testcases.AddToCart" name="verifyAddingMultipleItems" time="4.348"/>
  <testcase classname="testcases.AddToCart" name="verifyRemovingMultipleItemsProductPage" time="3.785"/>
  <testcase classname="testcases.AddToCart" name="verifyRemovingMultipleItemsProductPage" time="12.683"/>
  <testcase classname="testcases.AddToCart" name="verifyRemovingSingleItemsFromCart" time="13.842"/>
  <testcase classname="testcases.AddToCart" name="verifyRemovingSingleItemsFromCart" time="4.121"/>
  <testcase classname="testcases.AddToCart" name="verifyRemovingMultipleItemsFromCart" time="5.071"/>
  <testcase classname="testcases.AddToCart" name="verifyRemovingMultipleItemsFromCart" time="13.494"/>
</testsuite> <!-- testcases.AddToCart -->
