<?xml version="1.0" encoding="UTF-8"?>
<!-- Generated by org.testng.reporters.JUnitReportReporter -->
<testsuite hostname="PS-SIBISI" failures="0" tests="4" name="testcases.SaucedemoSortTest" time="32.963" errors="0" timestamp="2024-01-18T04:10:39 SAST" skipped="0">
  <testcase classname="testcases.SaucedemoSortTest" name="verifySorting" time="9.166"/>
  <testcase classname="testcases.SaucedemoSortTest" name="verifySorting" time="7.407"/>
  <testcase classname="testcases.SaucedemoSortTest" name="verifySorting" time="7.521"/>
  <testcase classname="testcases.SaucedemoSortTest" name="verifySorting" time="8.869"/>
</testsuite> <!-- testcases.SaucedemoSortTest -->
