<?xml version="1.0" encoding="UTF-8"?>
<!-- Generated by org.testng.reporters.JUnitReportReporter -->
<testsuite hostname="PS-SIBISI" failures="0" tests="1" name="testcases.Checkout" time="9.444" errors="0" timestamp="2024-01-18T07:26:01 SAST" skipped="0">
  <testcase classname="testcases.Checkout" name="verifyCheckout" time="9.444"/>
</testsuite> <!-- testcases.Checkout -->
