<?xml version="1.0" encoding="UTF-8"?>
<!-- Generated by org.testng.reporters.JUnitReportReporter -->
<testsuite hostname="PS-SIBISI" failures="0" tests="4" name="testcases.SortTest" time="32.318" errors="0" timestamp="2024-01-18T07:26:01 SAST" skipped="0">
  <testcase classname="testcases.SortTest" name="verifySorting" time="8.009"/>
  <testcase classname="testcases.SortTest" name="verifySorting" time="8.611"/>
  <testcase classname="testcases.SortTest" name="verifySorting" time="7.878"/>
  <testcase classname="testcases.SortTest" name="verifySorting" time="7.820"/>
</testsuite> <!-- testcases.SortTest -->
