<?xml version="1.0" encoding="UTF-8"?>
<!-- Generated by org.testng.reporters.JUnitReportReporter -->
<testsuite hostname="PS-SIBISI" failures="0" tests="1" name="testcases.FirstTestcase" time="8.683" errors="0" timestamp="2024-01-16T13:17:42 SAST" skipped="0">
  <testcase classname="testcases.FirstTestcase" name="ReadMeTest" time="8.683"/>
</testsuite> <!-- testcases.FirstTestcase -->
