<?xml version="1.0" encoding="UTF-8"?>
<!-- Generated by org.testng.reporters.JUnitReportReporter -->
<testsuite hostname="PS-SIBISI" failures="0" tests="6" name="testcases.AddToCart" time="61.750" errors="0" timestamp="2024-01-18T04:10:39 SAST" skipped="0">
  <testcase classname="testcases.AddToCart" name="verifyRemovingMultipleItemsProductPage" time="10.455"/>
  <testcase classname="testcases.AddToCart" name="verifyRemovingSingleItemsFromCart" time="13.094"/>
  <testcase classname="testcases.AddToCart" name="verifyRemoveSingleItemProductPage" time="9.368"/>
  <testcase classname="testcases.AddToCart" name="verifyAddingMultipleItems" time="9.253"/>
  <testcase classname="testcases.AddToCart" name="verifyAddSingleItem" time="9.207"/>
  <testcase classname="testcases.AddToCart" name="verifyRemovingMultipleItemsFromCart" time="10.373"/>
</testsuite> <!-- testcases.AddToCart -->
