<?xml version="1.0" encoding="UTF-8"?>
<!-- Generated by org.testng.reporters.JUnitReportReporter -->
<testsuite hostname="PS-SIBISI" failures="0" tests="12" name="testcases.AddToCart" time="72.111" errors="0" timestamp="2024-01-21T11:18:58 SAST" skipped="0">
  <testcase classname="testcases.AddToCart" name="verifyAddSingleItem" time="8.581"/>
  <testcase classname="testcases.AddToCart" name="verifyAddSingleItem" time="3.349"/>
  <testcase classname="testcases.AddToCart" name="verifyRemoveSingleItemProductPage" time="8.583"/>
  <testcase classname="testcases.AddToCart" name="verifyRemoveSingleItemProductPage" time="3.146"/>
  <testcase classname="testcases.AddToCart" name="verifyAddingMultipleItems" time="7.626"/>
  <testcase classname="testcases.AddToCart" name="verifyAddingMultipleItems" time="3.345"/>
  <testcase classname="testcases.AddToCart" name="verifyRemovingMultipleItemsProductPage" time="9.357"/>
  <testcase classname="testcases.AddToCart" name="verifyRemovingMultipleItemsProductPage" time="3.562"/>
  <testcase classname="testcases.AddToCart" name="verifyRemovingSingleItemsFromCart" time="7.878"/>
  <testcase classname="testcases.AddToCart" name="verifyRemovingSingleItemsFromCart" time="3.297"/>
  <testcase classname="testcases.AddToCart" name="verifyRemovingMultipleItemsFromCart" time="3.746"/>
  <testcase classname="testcases.AddToCart" name="verifyRemovingMultipleItemsFromCart" time="9.641"/>
</testsuite> <!-- testcases.AddToCart -->
