<?xml version="1.0" encoding="UTF-8"?>
<!-- Generated by org.testng.reporters.JUnitReportReporter -->
<testsuite hostname="PS-SIBISI" failures="0" tests="1" name="testcases.SauceDemoLoginTests" time="10.287" errors="0" timestamp="2024-01-17T08:30:11 SAST" skipped="0">
  <testcase classname="testcases.SauceDemoLoginTests" name="verifyLandingPagesInvalidUser" time="10.287"/>
</testsuite> <!-- testcases.SauceDemoLoginTests -->
