<?xml version="1.0" encoding="UTF-8"?>
<!-- Generated by org.testng.reporters.JUnitReportReporter -->
<testsuite hostname="PS-SIBISI" failures="0" tests="8" name="testcases.SortTest" time="47.063" errors="0" timestamp="2024-01-21T11:18:58 SAST" skipped="0">
  <testcase classname="testcases.SortTest" name="verifySorting" time="3.194"/>
  <testcase classname="testcases.SortTest" name="verifySorting" time="3.399"/>
  <testcase classname="testcases.SortTest" name="verifySorting" time="3.001"/>
  <testcase classname="testcases.SortTest" name="verifySorting" time="8.280"/>
  <testcase classname="testcases.SortTest" name="verifySorting" time="7.611"/>
  <testcase classname="testcases.SortTest" name="verifySorting" time="3.108"/>
  <testcase classname="testcases.SortTest" name="verifySorting" time="9.630"/>
  <testcase classname="testcases.SortTest" name="verifySorting" time="8.840"/>
</testsuite> <!-- testcases.SortTest -->
