<?xml version="1.0" encoding="UTF-8"?>
<!-- Generated by org.testng.reporters.JUnitReportReporter -->
<testsuite hostname="PS-SIBISI" failures="0" tests="10" name="testcases.LoginTests" time="54.844" errors="0" timestamp="2024-01-21T11:18:58 SAST" skipped="0">
  <testcase classname="testcases.LoginTests" name="verifyLoginInvalidCredentials" time="6.861"/>
  <testcase classname="testcases.LoginTests" name="verifyLoginInvalidCredentials" time="3.765"/>
  <testcase classname="testcases.LoginTests" name="verifyLoginInvalidCredentials" time="2.965"/>
  <testcase classname="testcases.LoginTests" name="verifyLoginInvalidCredentials" time="7.248"/>
  <testcase classname="testcases.LoginTests" name="verifyLoginInvalidCredentials" time="3.322"/>
  <testcase classname="testcases.LoginTests" name="verifyLoginInvalidCredentials" time="6.951"/>
  <testcase classname="testcases.LoginTests" name="verfiyLoginValidCredentials" time="6.321"/>
  <testcase classname="testcases.LoginTests" name="verfiyLoginValidCredentials" time="3.032"/>
  <testcase classname="testcases.LoginTests" name="verifyLandingPagesInvalidUser" time="8.671"/>
  <testcase classname="testcases.LoginTests" name="verifyLandingPagesInvalidUser" time="5.708"/>
</testsuite> <!-- testcases.LoginTests -->
